Arguments: 
  C:\Program Files\nodejs\node.exe C:\Users\T540P\AppData\Roaming\npm\node_modules\yarn\bin\yarn.js add compression passport passport-localstrategy buffer swagger-jsdoc cors morgan express-sslify

PATH: 
  C:\Program Files\Git\mingw64\bin;C:\Program Files\Git\usr\bin;C:\Users\T540P\bin;C:\Program Files\Docker\Docker\Resources\bin;C:\ProgramData\Oracle\Java\javapath;C:\Python27;C:\Python27\Scripts;C:\Windows\system32;C:\Windows;C:\Windows\System32\Wbem;C:\Windows\System32\WindowsPowerShell\v1.0;C:\Windows\System32\OpenSSH;C:\Program Files\Git\cmd;C:\Program Files\Git\mingw64\bin;C:\Program Files\Git\usr\bin;C:\Program Files (x86)\Google\Cloud SDK\google-cloud-sdk\bin;C:\Program Files (x86)\WinSCP;C:\Users\T540P\AppData\Roaming\nvm;C:\Program Files\nodejs;C:\Users\T540P\AppData\Local\Programs\Python\Python37-32\Scripts;C:\Users\T540P\AppData\Local\Programs\Python\Python37-32;C:\Users\T540P\AppData\Local\Microsoft\WindowsApps;C:\Users\T540P\AppData\Roaming\npm;C:\Microsoft VS Code\bin;C:\Program Files\heroku\bin;C:\Python27;C:\Python27\Scripts;C:\Users\T540P\AppData\Roaming\nvm;C:\Program Files\nodejs

Yarn version: 
  1.9.4

Node version: 
  8.11.4

Platform: 
  win32 x64

Trace: 
  Error: https://registry.yarnpkg.com/passport-localstrategy: Not found
      at Request.params.callback [as _callback] (C:\Users\T540P\AppData\Roaming\npm\node_modules\yarn\lib\cli.js:64202:18)
      at Request.self.callback (C:\Users\T540P\AppData\Roaming\npm\node_modules\yarn\lib\cli.js:137468:22)
      at emitTwo (events.js:126:13)
      at Request.emit (events.js:214:7)
      at Request.<anonymous> (C:\Users\T540P\AppData\Roaming\npm\node_modules\yarn\lib\cli.js:138440:10)
      at emitOne (events.js:116:13)
      at Request.emit (events.js:211:7)
      at IncomingMessage.<anonymous> (C:\Users\T540P\AppData\Roaming\npm\node_modules\yarn\lib\cli.js:138362:12)
      at Object.onceWrapper (events.js:313:30)
      at emitNone (events.js:111:20)

npm manifest: 
  {
    "name": "API",
    "version": "1.0.0",
    "description": "",
    "main": "index.js",
    "scripts": {
      "test": "echo \"Error: no test specified\" && exit 1"
    },
    "keywords": [],
    "author": "",
    "license": "ISC",
    "dependencies": {
      "express": "^4.16.3",
      "jsonwebtoken": "^8.3.0",
      "mongoose": "^5.3.1"
    }
  }

yarn manifest: 
  No manifest

Lockfile: 
  No lockfile
